<?xml version='1.0'?>
<ns2:test-suite xmlns:ns2='urn:model.allure.qatools.yandex.ru' start='1666164999695' stop='1666165028916'>
    <name>open account and approve account</name>
    <title>open account and approve account</title>
    <test-cases>
        <test-case start='1666164999696' status='passed' stop='1666165007212'>
            <name>openAcc</name>
            <title>openAcc</title>
            <labels>
                <label name='language' value='javascript'/>
                <label name='framework' value='wdio'/>
                <label name='thread' value='0-0'/>
            </labels>
            <parameters>
                <parameter kind='argument' name='browser' value='chrome-106.0.5249.119'/>
            </parameters>
            <steps/>
            <attachments/>
        </test-case>
        <test-case start='1666165007213' status='failed' stop='1666165018234'>
            <name>staff login</name>
            <title>staff login</title>
            <labels>
                <label name='language' value='javascript'/>
                <label name='framework' value='wdio'/>
                <label name='thread' value='0-0'/>
            </labels>
            <parameters>
                <parameter kind='argument' name='browser' value='chrome-106.0.5249.119'/>
            </parameters>
            <steps/>
            <attachments>
                <attachment title='Screenshot' source='ac414995-41ad-405a-9003-2f8712f826d5-attachment.png' type='image/png' size='520257'/>
            </attachments>
            <failure>
                <message>Expect window to have title
                
                Expected: "Staff Home"
                Received: "Online Banking System"</message>
                <stack-trace>Error: Expect window to have title
                
                Expected: "Staff Home"
                Received: "Online Banking System"
                    at Context.&lt;anonymous> (C:\Users\Rakshitha\Desktop\wD_RMB\test\specs\OpenAccountcopy.js:76:36)
                    at Context.executeAsync (C:\Users\Rakshitha\Desktop\wD_RMB\node_modules\@wdio\utils\build\shim.js:333:27)
                    at Context.testFrameworkFnWrapper (C:\Users\Rakshitha\Desktop\wD_RMB\node_modules\@wdio\utils\build\test-framework\testFnWrapper.js:51:32)</stack-trace>
            </failure>
        </test-case>
        <test-case start='1666165018239' status='failed' stop='1666165028915'>
            <name>approve account</name>
            <title>approve account</title>
            <labels>
                <label name='language' value='javascript'/>
                <label name='framework' value='wdio'/>
                <label name='thread' value='0-0'/>
            </labels>
            <parameters>
                <parameter kind='argument' name='browser' value='chrome-106.0.5249.119'/>
            </parameters>
            <steps/>
            <attachments>
                <attachment title='Screenshot' source='e9f2ec50-6204-4a32-bb0d-e9dd58e83530-attachment.png' type='image/png' size='520583'/>
            </attachments>
            <failure>
                <message>Expect window to have title
                
                Expected: "Pending Customers"
                Received: "Online Banking System"</message>
                <stack-trace>Error: Expect window to have title
                
                Expected: "Pending Customers"
                Received: "Online Banking System"
                    at Context.&lt;anonymous> (C:\Users\Rakshitha\Desktop\wD_RMB\test\specs\OpenAccountcopy.js:90:27)
                    at Context.executeAsync (C:\Users\Rakshitha\Desktop\wD_RMB\node_modules\@wdio\utils\build\shim.js:333:27)
                    at Context.testFrameworkFnWrapper (C:\Users\Rakshitha\Desktop\wD_RMB\node_modules\@wdio\utils\build\test-framework\testFnWrapper.js:51:32)</stack-trace>
            </failure>
        </test-case>
    </test-cases>
</ns2:test-suite>