<?xml version='1.0'?>
<ns2:test-suite xmlns:ns2='urn:model.allure.qatools.yandex.ru' start='1666170497523' stop='1666170551566'>
    <name>open account and approve account</name>
    <title>open account and approve account</title>
    <test-cases>
        <test-case start='1666170497524' status='passed' stop='1666170527419'>
            <name>openAcc</name>
            <title>openAcc</title>
            <labels>
                <label name='language' value='javascript'/>
                <label name='framework' value='wdio'/>
                <label name='thread' value='0-0'/>
            </labels>
            <parameters>
                <parameter kind='argument' name='browser' value='chrome-106.0.5249.119'/>
            </parameters>
            <steps/>
            <attachments/>
        </test-case>
        <test-case start='1666170527423' status='failed' stop='1666170540838'>
            <name>staff login</name>
            <title>staff login</title>
            <labels>
                <label name='language' value='javascript'/>
                <label name='framework' value='wdio'/>
                <label name='thread' value='0-0'/>
            </labels>
            <parameters>
                <parameter kind='argument' name='browser' value='chrome-106.0.5249.119'/>
            </parameters>
            <steps/>
            <attachments>
                <attachment title='Screenshot' source='f1af2c59-7bd4-4ca3-b730-76cac31aa100-attachment.png' type='image/png' size='520654'/>
            </attachments>
            <failure>
                <message>Expect window to have title
                
                Expected: "Staff Page"
                Received: "Online Banking System"</message>
                <stack-trace>Error: Expect window to have title
                
                Expected: "Staff Page"
                Received: "Online Banking System"
                    at Context.&lt;anonymous> (C:\Users\Rakshitha\Desktop\wD_RMB\test\specs\OpenAccountcopy.js:76:36)
                    at Context.executeAsync (C:\Users\Rakshitha\Desktop\wD_RMB\node_modules\@wdio\utils\build\shim.js:333:27)
                    at Context.testFrameworkFnWrapper (C:\Users\Rakshitha\Desktop\wD_RMB\node_modules\@wdio\utils\build\test-framework\testFnWrapper.js:51:32)</stack-trace>
            </failure>
        </test-case>
        <test-case start='1666170540841' status='failed' stop='1666170551564'>
            <name>approve account</name>
            <title>approve account</title>
            <labels>
                <label name='language' value='javascript'/>
                <label name='framework' value='wdio'/>
                <label name='thread' value='0-0'/>
            </labels>
            <parameters>
                <parameter kind='argument' name='browser' value='chrome-106.0.5249.119'/>
            </parameters>
            <steps/>
            <attachments>
                <attachment title='Screenshot' source='4d2fe597-0143-44a4-8d49-aa5125cafecb-attachment.png' type='image/png' size='520441'/>
            </attachments>
            <failure>
                <message>Expect window to have title
                
                Expected: "Staff Home"
                Received: "Online Banking System"</message>
                <stack-trace>Error: Expect window to have title
                
                Expected: "Staff Home"
                Received: "Online Banking System"
                    at Context.&lt;anonymous> (C:\Users\Rakshitha\Desktop\wD_RMB\test\specs\OpenAccountcopy.js:89:30)
                    at Context.executeAsync (C:\Users\Rakshitha\Desktop\wD_RMB\node_modules\@wdio\utils\build\shim.js:333:27)
                    at Context.testFrameworkFnWrapper (C:\Users\Rakshitha\Desktop\wD_RMB\node_modules\@wdio\utils\build\test-framework\testFnWrapper.js:51:32)</stack-trace>
            </failure>
        </test-case>
    </test-cases>
</ns2:test-suite>